http://i.imgur.com/eKKABQS.jpg
http://i.imgur.com/eKKABQS.jpg
http://i.imgur.com/xYBul9E.gifv
http://i.imgur.com/eOtFd8D.jpg
http://imgur.com/T7IyuUn
https://imgur.com/a/J2SFP
http://imgur.com/a/kSKOs
http://pub.iotek.org/p/GpVvkqN.png
http://i.imgur.com/jqq6viH.png
https://www.reddit.com/r/spacemacs/comments/4a62la/magit_tutorial/
https://www.reddit.com/r/GlobalOffensiveTrade/comments/4a6126/h_600_keys_w_300_redline_ft/
http://imgur.com/a/grFXj
https://www.reddit.com/r/GlobalOffensiveTrade/comments/4a4w9r/free_m9_tt_mw_float_exchange/
https://www.reddit.com/r/GlobalOffensive/comments/4a4pt6/92_of_all_csgo_players_are_now_between_silver_1dmg/
https://www.reddit.com/r/GlobalOffensive/comments/4a4pt6/92_of_all_csgo_players_are_now_between_silver_1dmg/
https://www.reddit.com/r/mechmarket/comments/4a6lwc/aush_realforce_55g_87u_pok3r_mx_blacks_w_leopold/
https://www.reddit.com/r/GlobalOffensiveTrade/comments/4a7n8x/q_any_new_insane_bowie_blue_gems_top_tier/
https://www.reddit.com/r/unixporn/comments/26vaiw/blog_post_describing_how_i_use_my_desktop/
https://www.reddit.com/r/unixporn/comments/2c0yvy/spending_a_week_in_the_tty/
http://imgur.com/a/Fe6VZ
http://i.imgur.com/xEtlykcl.jpg
https://www.reddit.com/r/GlobalOffensiveTrade/comments/4b0mym/h_nearly_300_market_price_in_keys_w_all_your_0008/
http://i.imgur.com/IdgtwSb.jpg
http://i.imgur.com/DtJGHxG.jpg
https://www.reddit.com/r/vintagecomputing/comments/4ir2vf/1960s_communications_equipment/
https://www.youtube.com/watch?v=FZ1st1Vw2kY